Analysis & Synthesis report for Neander
Fri Aug 23 16:33:16 2019
Quartus II 64-Bit Version 13.0.1 Build 232 06/12/2013 Service Pack 1 SJ Web Edition


---------------------
; Table of Contents ;
---------------------
  1. Legal Notice
  2. Analysis & Synthesis Summary
  3. Analysis & Synthesis Settings
  4. Parallel Compilation
  5. Analysis & Synthesis Source Files Read
  6. Analysis & Synthesis Resource Usage Summary
  7. Analysis & Synthesis Resource Utilization by Entity
  8. Analysis & Synthesis DSP Block Usage Summary
  9. Registers Removed During Synthesis
 10. General Register Statistics
 11. Multiplexer Restructuring Statistics (Restructuring Performed)
 12. Parameter Settings for User Entity Instance: Top-level Entity: |Neander
 13. Parameter Settings for User Entity Instance: Registrador:AC
 14. Parameter Settings for User Entity Instance: Registrador:PC
 15. Parameter Settings for User Entity Instance: Registrador:RDM
 16. Parameter Settings for User Entity Instance: Registrador:aREM
 17. Parameter Settings for User Entity Instance: ULA:aULA
 18. Parameter Settings for User Entity Instance: MEM:aMEM
 19. Parameter Settings for Inferred Entity Instance: ULA:aULA|lpm_mult:Mult0
 20. lpm_mult Parameter Settings by Entity Instance
 21. Port Connectivity Checks: "ULA:aULA"
 22. Port Connectivity Checks: "Registrador:AC"
 23. Port Connectivity Checks: "Projeto:Decod"
 24. Elapsed Time Per Partition
 25. Analysis & Synthesis Messages



----------------
; Legal Notice ;
----------------
Copyright (C) 1991-2013 Altera Corporation
Your use of Altera Corporation's design tools, logic functions 
and other software and tools, and its AMPP partner logic 
functions, and any output files from any of the foregoing 
(including device programming or simulation files), and any 
associated documentation or information are expressly subject 
to the terms and conditions of the Altera Program License 
Subscription Agreement, Altera MegaCore Function License 
Agreement, or other applicable license agreement, including, 
without limitation, that your use is for the sole purpose of 
programming logic devices manufactured by Altera and sold by 
Altera or its authorized distributors.  Please refer to the 
applicable agreement for further details.



+--------------------------------------------------------------------------------------+
; Analysis & Synthesis Summary                                                         ;
+------------------------------------+-------------------------------------------------+
; Analysis & Synthesis Status        ; Successful - Fri Aug 23 16:33:16 2019           ;
; Quartus II 64-Bit Version          ; 13.0.1 Build 232 06/12/2013 SP 1 SJ Web Edition ;
; Revision Name                      ; Neander                                         ;
; Top-level Entity Name              ; Neander                                         ;
; Family                             ; Cyclone II                                      ;
; Total logic elements               ; 628                                             ;
;     Total combinational functions  ; 379                                             ;
;     Dedicated logic registers      ; 321                                             ;
; Total registers                    ; 321                                             ;
; Total pins                         ; 151                                             ;
; Total virtual pins                 ; 0                                               ;
; Total memory bits                  ; 0                                               ;
; Embedded Multiplier 9-bit elements ; 1                                               ;
; Total PLLs                         ; 0                                               ;
+------------------------------------+-------------------------------------------------+


+----------------------------------------------------------------------------------------------------------------------+
; Analysis & Synthesis Settings                                                                                        ;
+----------------------------------------------------------------------------+--------------------+--------------------+
; Option                                                                     ; Setting            ; Default Value      ;
+----------------------------------------------------------------------------+--------------------+--------------------+
; Device                                                                     ; EP2C20F484C7       ;                    ;
; Top-level entity name                                                      ; Neander            ; Neander            ;
; Family name                                                                ; Cyclone II         ; Cyclone IV GX      ;
; Use smart compilation                                                      ; Off                ; Off                ;
; Enable parallel Assembler and TimeQuest Timing Analyzer during compilation ; On                 ; On                 ;
; Enable compact report table                                                ; Off                ; Off                ;
; Restructure Multiplexers                                                   ; Auto               ; Auto               ;
; Create Debugging Nodes for IP Cores                                        ; Off                ; Off                ;
; Preserve fewer node names                                                  ; On                 ; On                 ;
; Disable OpenCore Plus hardware evaluation                                  ; Off                ; Off                ;
; Verilog Version                                                            ; Verilog_2001       ; Verilog_2001       ;
; VHDL Version                                                               ; VHDL_1993          ; VHDL_1993          ;
; State Machine Processing                                                   ; Auto               ; Auto               ;
; Safe State Machine                                                         ; Off                ; Off                ;
; Extract Verilog State Machines                                             ; On                 ; On                 ;
; Extract VHDL State Machines                                                ; On                 ; On                 ;
; Ignore Verilog initial constructs                                          ; Off                ; Off                ;
; Iteration limit for constant Verilog loops                                 ; 5000               ; 5000               ;
; Iteration limit for non-constant Verilog loops                             ; 250                ; 250                ;
; Add Pass-Through Logic to Inferred RAMs                                    ; On                 ; On                 ;
; Infer RAMs from Raw Logic                                                  ; On                 ; On                 ;
; Parallel Synthesis                                                         ; On                 ; On                 ;
; DSP Block Balancing                                                        ; Auto               ; Auto               ;
; NOT Gate Push-Back                                                         ; On                 ; On                 ;
; Power-Up Don't Care                                                        ; On                 ; On                 ;
; Remove Redundant Logic Cells                                               ; Off                ; Off                ;
; Remove Duplicate Registers                                                 ; On                 ; On                 ;
; Ignore CARRY Buffers                                                       ; Off                ; Off                ;
; Ignore CASCADE Buffers                                                     ; Off                ; Off                ;
; Ignore GLOBAL Buffers                                                      ; Off                ; Off                ;
; Ignore ROW GLOBAL Buffers                                                  ; Off                ; Off                ;
; Ignore LCELL Buffers                                                       ; Off                ; Off                ;
; Ignore SOFT Buffers                                                        ; On                 ; On                 ;
; Limit AHDL Integers to 32 Bits                                             ; Off                ; Off                ;
; Optimization Technique                                                     ; Balanced           ; Balanced           ;
; Carry Chain Length                                                         ; 70                 ; 70                 ;
; Auto Carry Chains                                                          ; On                 ; On                 ;
; Auto Open-Drain Pins                                                       ; On                 ; On                 ;
; Perform WYSIWYG Primitive Resynthesis                                      ; Off                ; Off                ;
; Auto ROM Replacement                                                       ; On                 ; On                 ;
; Auto RAM Replacement                                                       ; On                 ; On                 ;
; Auto Shift Register Replacement                                            ; Auto               ; Auto               ;
; Allow Shift Register Merging across Hierarchies                            ; Auto               ; Auto               ;
; Auto Clock Enable Replacement                                              ; On                 ; On                 ;
; Strict RAM Replacement                                                     ; Off                ; Off                ;
; Allow Synchronous Control Signals                                          ; On                 ; On                 ;
; Force Use of Synchronous Clear Signals                                     ; Off                ; Off                ;
; Auto RAM to Logic Cell Conversion                                          ; Off                ; Off                ;
; Auto Resource Sharing                                                      ; Off                ; Off                ;
; Allow Any RAM Size For Recognition                                         ; Off                ; Off                ;
; Allow Any ROM Size For Recognition                                         ; Off                ; Off                ;
; Allow Any Shift Register Size For Recognition                              ; Off                ; Off                ;
; Use LogicLock Constraints during Resource Balancing                        ; On                 ; On                 ;
; Ignore translate_off and synthesis_off directives                          ; Off                ; Off                ;
; Timing-Driven Synthesis                                                    ; Off                ; Off                ;
; Report Parameter Settings                                                  ; On                 ; On                 ;
; Report Source Assignments                                                  ; On                 ; On                 ;
; Report Connectivity Checks                                                 ; On                 ; On                 ;
; Ignore Maximum Fan-Out Assignments                                         ; Off                ; Off                ;
; Synchronization Register Chain Length                                      ; 2                  ; 2                  ;
; PowerPlay Power Optimization                                               ; Normal compilation ; Normal compilation ;
; HDL message level                                                          ; Level2             ; Level2             ;
; Suppress Register Optimization Related Messages                            ; Off                ; Off                ;
; Number of Removed Registers Reported in Synthesis Report                   ; 5000               ; 5000               ;
; Number of Swept Nodes Reported in Synthesis Report                         ; 5000               ; 5000               ;
; Number of Inverted Registers Reported in Synthesis Report                  ; 100                ; 100                ;
; Clock MUX Protection                                                       ; On                 ; On                 ;
; Auto Gated Clock Conversion                                                ; Off                ; Off                ;
; Block Design Naming                                                        ; Auto               ; Auto               ;
; SDC constraint protection                                                  ; Off                ; Off                ;
; Synthesis Effort                                                           ; Auto               ; Auto               ;
; Shift Register Replacement - Allow Asynchronous Clear Signal               ; On                 ; On                 ;
; Pre-Mapping Resynthesis Optimization                                       ; Off                ; Off                ;
; Analysis & Synthesis Message Level                                         ; Medium             ; Medium             ;
; Disable Register Merging Across Hierarchies                                ; Auto               ; Auto               ;
; Resource Aware Inference For Block RAM                                     ; On                 ; On                 ;
; Synthesis Seed                                                             ; 1                  ; 1                  ;
+----------------------------------------------------------------------------+--------------------+--------------------+


Parallel compilation was disabled, but you have multiple processors available. Enable parallel compilation to reduce compilation time.
+-------------------------------------+
; Parallel Compilation                ;
+----------------------------+--------+
; Processors                 ; Number ;
+----------------------------+--------+
; Number detected on machine ; 4      ;
; Maximum allowed            ; 1      ;
+----------------------------+--------+


+-------------------------------------------------------------------------------------------------------------------------------------------------------------------------------------------------+
; Analysis & Synthesis Source Files Read                                                                                                                                                          ;
+----------------------------------------+-----------------+------------------------------+---------------------------------------------------------------------------------------------+---------+
; File Name with User-Entered Path       ; Used in Netlist ; File Type                    ; File Name with Absolute Path                                                                ; Library ;
+----------------------------------------+-----------------+------------------------------+---------------------------------------------------------------------------------------------+---------+
; ../Aula 16/decoder_BCD_7seg_vector.vhd ; yes             ; User VHDL File               ; C:/Users/Flavio/Documents/UFABC/2019.2/Sistemas/Neander/Aula 16/decoder_BCD_7seg_vector.vhd ;         ;
; ../Aula 16/binary_to_bcd.vhd           ; yes             ; User VHDL File               ; C:/Users/Flavio/Documents/UFABC/2019.2/Sistemas/Neander/Aula 16/binary_to_bcd.vhd           ;         ;
; ../Aula 16/Projeto.vhd                 ; yes             ; User VHDL File               ; C:/Users/Flavio/Documents/UFABC/2019.2/Sistemas/Neander/Aula 16/Projeto.vhd                 ;         ;
; ../ULA/ULA.vhd                         ; yes             ; User VHDL File               ; C:/Users/Flavio/Documents/UFABC/2019.2/Sistemas/Neander/ULA/ULA.vhd                         ;         ;
; ../Registrador/Registrador.vhd         ; yes             ; User VHDL File               ; C:/Users/Flavio/Documents/UFABC/2019.2/Sistemas/Neander/Registrador/Registrador.vhd         ;         ;
; ../MEM/MEM.vhd                         ; yes             ; User VHDL File               ; C:/Users/Flavio/Documents/UFABC/2019.2/Sistemas/Neander/MEM/MEM.vhd                         ;         ;
; Neander.vhd                            ; yes             ; User VHDL File               ; C:/Users/Flavio/Documents/UFABC/2019.2/Sistemas/Neander/CPUNeander/Neander.vhd              ;         ;
; lpm_mult.tdf                           ; yes             ; Megafunction                 ; c:/altera/13.0sp1/quartus/libraries/megafunctions/lpm_mult.tdf                              ;         ;
; aglobal130.inc                         ; yes             ; Megafunction                 ; c:/altera/13.0sp1/quartus/libraries/megafunctions/aglobal130.inc                            ;         ;
; lpm_add_sub.inc                        ; yes             ; Megafunction                 ; c:/altera/13.0sp1/quartus/libraries/megafunctions/lpm_add_sub.inc                           ;         ;
; multcore.inc                           ; yes             ; Megafunction                 ; c:/altera/13.0sp1/quartus/libraries/megafunctions/multcore.inc                              ;         ;
; bypassff.inc                           ; yes             ; Megafunction                 ; c:/altera/13.0sp1/quartus/libraries/megafunctions/bypassff.inc                              ;         ;
; altshift.inc                           ; yes             ; Megafunction                 ; c:/altera/13.0sp1/quartus/libraries/megafunctions/altshift.inc                              ;         ;
; db/mult_o5t.tdf                        ; yes             ; Auto-Generated Megafunction  ; C:/Users/Flavio/Documents/UFABC/2019.2/Sistemas/Neander/CPUNeander/db/mult_o5t.tdf          ;         ;
+----------------------------------------+-----------------+------------------------------+---------------------------------------------------------------------------------------------+---------+


+-----------------------------------------------------+
; Analysis & Synthesis Resource Usage Summary         ;
+---------------------------------------------+-------+
; Resource                                    ; Usage ;
+---------------------------------------------+-------+
; Estimated Total logic elements              ; 628   ;
;                                             ;       ;
; Total combinational functions               ; 379   ;
; Logic element usage by number of LUT inputs ;       ;
;     -- 4 input functions                    ; 286   ;
;     -- 3 input functions                    ; 64    ;
;     -- <=2 input functions                  ; 29    ;
;                                             ;       ;
; Logic elements by mode                      ;       ;
;     -- normal mode                          ; 372   ;
;     -- arithmetic mode                      ; 7     ;
;                                             ;       ;
; Total registers                             ; 321   ;
;     -- Dedicated logic registers            ; 321   ;
;     -- I/O registers                        ; 0     ;
;                                             ;       ;
; I/O pins                                    ; 151   ;
; Embedded Multiplier 9-bit elements          ; 1     ;
; Maximum fan-out node                        ; CLK   ;
; Maximum fan-out                             ; 321   ;
; Total fan-out                               ; 2481  ;
; Average fan-out                             ; 2.91  ;
+---------------------------------------------+-------+


+--------------------------------------------------------------------------------------------------------------------------------------------------------------------------------------------------------------------------+
; Analysis & Synthesis Resource Utilization by Entity                                                                                                                                                                      ;
+------------------------------------+-------------------+--------------+-------------+--------------+---------+-----------+------+--------------+----------------------------------------------------------+--------------+
; Compilation Hierarchy Node         ; LC Combinationals ; LC Registers ; Memory Bits ; DSP Elements ; DSP 9x9 ; DSP 18x18 ; Pins ; Virtual Pins ; Full Hierarchy Name                                      ; Library Name ;
+------------------------------------+-------------------+--------------+-------------+--------------+---------+-----------+------+--------------+----------------------------------------------------------+--------------+
; |Neander                           ; 379 (52)          ; 321 (56)     ; 0           ; 1            ; 1       ; 0         ; 151  ; 0            ; |Neander                                                 ; work         ;
;    |MEM:aMEM|                      ; 196 (196)         ; 257 (257)    ; 0           ; 0            ; 0       ; 0         ; 0    ; 0            ; |Neander|MEM:aMEM                                        ; work         ;
;    |Projeto:Decod|                 ; 46 (0)            ; 0 (0)        ; 0           ; 0            ; 0       ; 0         ; 0    ; 0            ; |Neander|Projeto:Decod                                   ; work         ;
;       |binary_to_bcd:G2|           ; 29 (29)           ; 0 (0)        ; 0           ; 0            ; 0       ; 0         ; 0    ; 0            ; |Neander|Projeto:Decod|binary_to_bcd:G2                  ; work         ;
;       |decoder_BCD_7seg_vector:G4| ; 3 (3)             ; 0 (0)        ; 0           ; 0            ; 0       ; 0         ; 0    ; 0            ; |Neander|Projeto:Decod|decoder_BCD_7seg_vector:G4        ; work         ;
;       |decoder_BCD_7seg_vector:G5| ; 7 (7)             ; 0 (0)        ; 0           ; 0            ; 0       ; 0         ; 0    ; 0            ; |Neander|Projeto:Decod|decoder_BCD_7seg_vector:G5        ; work         ;
;       |decoder_BCD_7seg_vector:G6| ; 7 (7)             ; 0 (0)        ; 0           ; 0            ; 0       ; 0         ; 0    ; 0            ; |Neander|Projeto:Decod|decoder_BCD_7seg_vector:G6        ; work         ;
;    |Registrador:PC|                ; 4 (4)             ; 0 (0)        ; 0           ; 0            ; 0       ; 0         ; 0    ; 0            ; |Neander|Registrador:PC                                  ; work         ;
;    |Registrador:RDM|               ; 22 (22)           ; 0 (0)        ; 0           ; 0            ; 0       ; 0         ; 0    ; 0            ; |Neander|Registrador:RDM                                 ; work         ;
;    |Registrador:aREM|              ; 10 (10)           ; 0 (0)        ; 0           ; 0            ; 0       ; 0         ; 0    ; 0            ; |Neander|Registrador:aREM                                ; work         ;
;    |ULA:aULA|                      ; 49 (49)           ; 8 (8)        ; 0           ; 1            ; 1       ; 0         ; 0    ; 0            ; |Neander|ULA:aULA                                        ; work         ;
;       |lpm_mult:Mult0|             ; 0 (0)             ; 0 (0)        ; 0           ; 1            ; 1       ; 0         ; 0    ; 0            ; |Neander|ULA:aULA|lpm_mult:Mult0                         ; work         ;
;          |mult_o5t:auto_generated| ; 0 (0)             ; 0 (0)        ; 0           ; 1            ; 1       ; 0         ; 0    ; 0            ; |Neander|ULA:aULA|lpm_mult:Mult0|mult_o5t:auto_generated ; work         ;
+------------------------------------+-------------------+--------------+-------------+--------------+---------+-----------+------+--------------+----------------------------------------------------------+--------------+
Note: For table entries with two numbers listed, the numbers in parentheses indicate the number of resources of the given type used by the specific entity alone. The numbers listed outside of parentheses indicate the total resources of the given type used by the specific entity and all of its sub-entities in the hierarchy.


+-----------------------------------------------------+
; Analysis & Synthesis DSP Block Usage Summary        ;
+---------------------------------------+-------------+
; Statistic                             ; Number Used ;
+---------------------------------------+-------------+
; Simple Multipliers (9-bit)            ; 1           ;
; Simple Multipliers (18-bit)           ; 0           ;
; Embedded Multiplier Blocks            ; --          ;
; Embedded Multiplier 9-bit elements    ; 1           ;
; Signed Embedded Multipliers           ; 0           ;
; Unsigned Embedded Multipliers         ; 1           ;
; Mixed Sign Embedded Multipliers       ; 0           ;
; Variable Sign Embedded Multipliers    ; 0           ;
; Dedicated Input Shift Register Chains ; 0           ;
+---------------------------------------+-------------+
Note: number of Embedded Multiplier Blocks used is only available after a successful fit.


+--------------------------------------------------------------------------------------+
; Registers Removed During Synthesis                                                   ;
+----------------------------------------+---------------------------------------------+
; Register name                          ; Reason for Removal                          ;
+----------------------------------------+---------------------------------------------+
; MEM:aMEM|auxSaida[0..15]               ; Stuck at GND due to stuck port clock_enable ;
; Total Number of Removed Registers = 16 ;                                             ;
+----------------------------------------+---------------------------------------------+


+------------------------------------------------------+
; General Register Statistics                          ;
+----------------------------------------------+-------+
; Statistic                                    ; Value ;
+----------------------------------------------+-------+
; Total registers                              ; 321   ;
; Number of registers using Synchronous Clear  ; 0     ;
; Number of registers using Synchronous Load   ; 11    ;
; Number of registers using Asynchronous Clear ; 0     ;
; Number of registers using Asynchronous Load  ; 0     ;
; Number of registers using Clock Enable       ; 303   ;
; Number of registers using Preset             ; 0     ;
+----------------------------------------------+-------+


+--------------------------------------------------------------------------------------------------------------------------------------------------+
; Multiplexer Restructuring Statistics (Restructuring Performed)                                                                                   ;
+--------------------+-----------+---------------+----------------------+------------------------+------------+------------------------------------+
; Multiplexer Inputs ; Bus Width ; Baseline Area ; Area if Restructured ; Saving if Restructured ; Registered ; Example Multiplexer Output         ;
+--------------------+-----------+---------------+----------------------+------------------------+------------+------------------------------------+
; 3:1                ; 4 bits    ; 8 LEs         ; 0 LEs                ; 8 LEs                  ; Yes        ; |Neander|auxCargaPC2[2]            ;
; 4:1                ; 4 bits    ; 8 LEs         ; 8 LEs                ; 0 LEs                  ; Yes        ; |Neander|auxCargaREM[1]            ;
; 5:1                ; 16 bits   ; 48 LEs        ; 16 LEs               ; 32 LEs                 ; Yes        ; |Neander|auxCargaRDM[0]            ;
; 19:1               ; 16 bits   ; 192 LEs       ; 176 LEs              ; 16 LEs                 ; Yes        ; |Neander|MEM:aMEM|Saida[6]         ;
; 8:1                ; 7 bits    ; 35 LEs        ; 28 LEs               ; 7 LEs                  ; Yes        ; |Neander|ULA:aULA|AC[7]            ;
; 3:1                ; 8 bits    ; 16 LEs        ; 16 LEs               ; 0 LEs                  ; No         ; |Neander|Registrador:RDM|Saida[3]  ;
; 3:1                ; 8 bits    ; 16 LEs        ; 16 LEs               ; 0 LEs                  ; No         ; |Neander|Registrador:RDM|Saida[12] ;
+--------------------+-----------+---------------+----------------------+------------------------+------------+------------------------------------+


+-------------------------------------------------------------------------+
; Parameter Settings for User Entity Instance: Top-level Entity: |Neander ;
+----------------+-------+------------------------------------------------+
; Parameter Name ; Value ; Type                                           ;
+----------------+-------+------------------------------------------------+
; bitsDados      ; 8     ; Signed Integer                                 ;
; bitsEnd        ; 4     ; Signed Integer                                 ;
; bitsOP         ; 4     ; Signed Integer                                 ;
+----------------+-------+------------------------------------------------+
Note: In order to hide this table in the UI and the text report file, please set the "Show Parameter Settings in Synthesis Report" option in "Analysis and Synthesis Settings -> More Settings" to "Off".


+-------------------------------------------------------------+
; Parameter Settings for User Entity Instance: Registrador:AC ;
+----------------+-------+------------------------------------+
; Parameter Name ; Value ; Type                               ;
+----------------+-------+------------------------------------+
; bitsdados      ; 8     ; Signed Integer                     ;
+----------------+-------+------------------------------------+
Note: In order to hide this table in the UI and the text report file, please set the "Show Parameter Settings in Synthesis Report" option in "Analysis and Synthesis Settings -> More Settings" to "Off".


+-------------------------------------------------------------+
; Parameter Settings for User Entity Instance: Registrador:PC ;
+----------------+-------+------------------------------------+
; Parameter Name ; Value ; Type                               ;
+----------------+-------+------------------------------------+
; bitsdados      ; 4     ; Signed Integer                     ;
+----------------+-------+------------------------------------+
Note: In order to hide this table in the UI and the text report file, please set the "Show Parameter Settings in Synthesis Report" option in "Analysis and Synthesis Settings -> More Settings" to "Off".


+--------------------------------------------------------------+
; Parameter Settings for User Entity Instance: Registrador:RDM ;
+----------------+-------+-------------------------------------+
; Parameter Name ; Value ; Type                                ;
+----------------+-------+-------------------------------------+
; bitsdados      ; 16    ; Signed Integer                      ;
+----------------+-------+-------------------------------------+
Note: In order to hide this table in the UI and the text report file, please set the "Show Parameter Settings in Synthesis Report" option in "Analysis and Synthesis Settings -> More Settings" to "Off".


+---------------------------------------------------------------+
; Parameter Settings for User Entity Instance: Registrador:aREM ;
+----------------+-------+--------------------------------------+
; Parameter Name ; Value ; Type                                 ;
+----------------+-------+--------------------------------------+
; bitsdados      ; 4     ; Signed Integer                       ;
+----------------+-------+--------------------------------------+
Note: In order to hide this table in the UI and the text report file, please set the "Show Parameter Settings in Synthesis Report" option in "Analysis and Synthesis Settings -> More Settings" to "Off".


+-------------------------------------------------------+
; Parameter Settings for User Entity Instance: ULA:aULA ;
+----------------+-------+------------------------------+
; Parameter Name ; Value ; Type                         ;
+----------------+-------+------------------------------+
; bitsdados      ; 8     ; Signed Integer               ;
; bitsselec      ; 3     ; Signed Integer               ;
+----------------+-------+------------------------------+
Note: In order to hide this table in the UI and the text report file, please set the "Show Parameter Settings in Synthesis Report" option in "Analysis and Synthesis Settings -> More Settings" to "Off".


+-------------------------------------------------------+
; Parameter Settings for User Entity Instance: MEM:aMEM ;
+----------------+-------+------------------------------+
; Parameter Name ; Value ; Type                         ;
+----------------+-------+------------------------------+
; bitsdados      ; 8     ; Signed Integer               ;
; bitsend        ; 4     ; Signed Integer               ;
; bitsop         ; 4     ; Signed Integer               ;
+----------------+-------+------------------------------+
Note: In order to hide this table in the UI and the text report file, please set the "Show Parameter Settings in Synthesis Report" option in "Analysis and Synthesis Settings -> More Settings" to "Off".


+-----------------------------------------------------------------------------------+
; Parameter Settings for Inferred Entity Instance: ULA:aULA|lpm_mult:Mult0          ;
+------------------------------------------------+------------+---------------------+
; Parameter Name                                 ; Value      ; Type                ;
+------------------------------------------------+------------+---------------------+
; AUTO_CARRY_CHAINS                              ; ON         ; AUTO_CARRY          ;
; IGNORE_CARRY_BUFFERS                           ; OFF        ; IGNORE_CARRY        ;
; AUTO_CASCADE_CHAINS                            ; ON         ; AUTO_CASCADE        ;
; IGNORE_CASCADE_BUFFERS                         ; OFF        ; IGNORE_CASCADE      ;
; LPM_WIDTHA                                     ; 8          ; Untyped             ;
; LPM_WIDTHB                                     ; 8          ; Untyped             ;
; LPM_WIDTHP                                     ; 16         ; Untyped             ;
; LPM_WIDTHR                                     ; 16         ; Untyped             ;
; LPM_WIDTHS                                     ; 1          ; Untyped             ;
; LPM_REPRESENTATION                             ; UNSIGNED   ; Untyped             ;
; LPM_PIPELINE                                   ; 0          ; Untyped             ;
; LATENCY                                        ; 0          ; Untyped             ;
; INPUT_A_IS_CONSTANT                            ; NO         ; Untyped             ;
; INPUT_B_IS_CONSTANT                            ; NO         ; Untyped             ;
; USE_EAB                                        ; OFF        ; Untyped             ;
; MAXIMIZE_SPEED                                 ; 5          ; Untyped             ;
; DEVICE_FAMILY                                  ; Cyclone II ; Untyped             ;
; CARRY_CHAIN                                    ; MANUAL     ; Untyped             ;
; APEX20K_TECHNOLOGY_MAPPER                      ; LUT        ; TECH_MAPPER_APEX20K ;
; DEDICATED_MULTIPLIER_CIRCUITRY                 ; AUTO       ; Untyped             ;
; DEDICATED_MULTIPLIER_MIN_INPUT_WIDTH_FOR_AUTO  ; 0          ; Untyped             ;
; DEDICATED_MULTIPLIER_MIN_OUTPUT_WIDTH_FOR_AUTO ; 0          ; Untyped             ;
; CBXI_PARAMETER                                 ; mult_o5t   ; Untyped             ;
; INPUT_A_FIXED_VALUE                            ; Bx         ; Untyped             ;
; INPUT_B_FIXED_VALUE                            ; Bx         ; Untyped             ;
; USE_AHDL_IMPLEMENTATION                        ; OFF        ; Untyped             ;
+------------------------------------------------+------------+---------------------+
Note: In order to hide this table in the UI and the text report file, please set the "Show Parameter Settings in Synthesis Report" option in "Analysis and Synthesis Settings -> More Settings" to "Off".


+-----------------------------------------------------------------+
; lpm_mult Parameter Settings by Entity Instance                  ;
+---------------------------------------+-------------------------+
; Name                                  ; Value                   ;
+---------------------------------------+-------------------------+
; Number of entity instances            ; 1                       ;
; Entity Instance                       ; ULA:aULA|lpm_mult:Mult0 ;
;     -- LPM_WIDTHA                     ; 8                       ;
;     -- LPM_WIDTHB                     ; 8                       ;
;     -- LPM_WIDTHP                     ; 16                      ;
;     -- LPM_REPRESENTATION             ; UNSIGNED                ;
;     -- INPUT_A_IS_CONSTANT            ; NO                      ;
;     -- INPUT_B_IS_CONSTANT            ; NO                      ;
;     -- USE_EAB                        ; OFF                     ;
;     -- DEDICATED_MULTIPLIER_CIRCUITRY ; AUTO                    ;
;     -- INPUT_A_FIXED_VALUE            ; Bx                      ;
;     -- INPUT_B_FIXED_VALUE            ; Bx                      ;
+---------------------------------------+-------------------------+


+----------------------------------------------------------------------------------------------------------------+
; Port Connectivity Checks: "ULA:aULA"                                                                           ;
+------+--------+----------+-------------------------------------------------------------------------------------+
; Port ; Type   ; Severity ; Details                                                                             ;
+------+--------+----------+-------------------------------------------------------------------------------------+
; n    ; Output ; Info     ; Connected to dangling logic. Logic that only feeds a dangling port will be removed. ;
; z    ; Output ; Info     ; Connected to dangling logic. Logic that only feeds a dangling port will be removed. ;
+------+--------+----------+-------------------------------------------------------------------------------------+


+--------------------------------------------+
; Port Connectivity Checks: "Registrador:AC" ;
+------+-------+----------+------------------+
; Port ; Type  ; Severity ; Details          ;
+------+-------+----------+------------------+
; l    ; Input ; Info     ; Stuck at GND     ;
+------+-------+----------+------------------+


+--------------------------------------------------+
; Port Connectivity Checks: "Projeto:Decod"        ;
+----------------+-------+----------+--------------+
; Port           ; Type  ; Severity ; Details      ;
+----------------+-------+----------+--------------+
; binario[12..8] ; Input ; Info     ; Stuck at GND ;
; enable         ; Input ; Info     ; Stuck at VCC ;
+----------------+-------+----------+--------------+


+-------------------------------+
; Elapsed Time Per Partition    ;
+----------------+--------------+
; Partition Name ; Elapsed Time ;
+----------------+--------------+
; Top            ; 00:00:02     ;
+----------------+--------------+


+-------------------------------+
; Analysis & Synthesis Messages ;
+-------------------------------+
Info: *******************************************************************
Info: Running Quartus II 64-Bit Analysis & Synthesis
    Info: Version 13.0.1 Build 232 06/12/2013 Service Pack 1 SJ Web Edition
    Info: Processing started: Fri Aug 23 16:33:12 2019
Info: Command: quartus_map --read_settings_files=on --write_settings_files=off Neander -c Neander
Warning (20028): Parallel compilation is not licensed and has been disabled
Info (12021): Found 2 design units, including 1 entities, in source file /users/flavio/documents/ufabc/2019.2/sistemas/neander/aula 16/pex03somadorsubtradoracumulador.vhd
    Info (12022): Found design unit 1: PEx03SomadorSubtradorAcumulador-logic
    Info (12023): Found entity 1: PEx03SomadorSubtradorAcumulador
Info (12021): Found 2 design units, including 1 entities, in source file /users/flavio/documents/ufabc/2019.2/sistemas/neander/aula 16/ex01.vhd
    Info (12022): Found design unit 1: ex01-logic
    Info (12023): Found entity 1: ex01
Info (12021): Found 2 design units, including 1 entities, in source file /users/flavio/documents/ufabc/2019.2/sistemas/neander/aula 16/decoder_bcd_7seg_vector.vhd
    Info (12022): Found design unit 1: decoder_BCD_7seg_vector-data_flow
    Info (12023): Found entity 1: decoder_BCD_7seg_vector
Info (12021): Found 2 design units, including 1 entities, in source file /users/flavio/documents/ufabc/2019.2/sistemas/neander/aula 16/binary_to_bcd.vhd
    Info (12022): Found design unit 1: binary_to_bcd-logic
    Info (12023): Found entity 1: binary_to_bcd
Info (12021): Found 2 design units, including 1 entities, in source file /users/flavio/documents/ufabc/2019.2/sistemas/neander/aula 16/projeto.vhd
    Info (12022): Found design unit 1: Projeto-logic
    Info (12023): Found entity 1: Projeto
Info (12021): Found 2 design units, including 1 entities, in source file /users/flavio/documents/ufabc/2019.2/sistemas/neander/ula/ula.vhd
    Info (12022): Found design unit 1: ULA-comportamental
    Info (12023): Found entity 1: ULA
Info (12021): Found 2 design units, including 1 entities, in source file /users/flavio/documents/ufabc/2019.2/sistemas/neander/registrador/registrador.vhd
    Info (12022): Found design unit 1: Registrador-comportamental
    Info (12023): Found entity 1: Registrador
Info (12021): Found 2 design units, including 1 entities, in source file /users/flavio/documents/ufabc/2019.2/sistemas/neander/mem/mem.vhd
    Info (12022): Found design unit 1: MEM-comportamental
    Info (12023): Found entity 1: MEM
Info (12021): Found 2 design units, including 1 entities, in source file neander.vhd
    Info (12022): Found design unit 1: Neander-comportamental
    Info (12023): Found entity 1: Neander
Info (12127): Elaborating entity "Neander" for the top level hierarchy
Warning (10036): Verilog HDL or VHDL warning at Neander.vhd(85): object "auxN" assigned a value but never read
Warning (10036): Verilog HDL or VHDL warning at Neander.vhd(85): object "auxZ" assigned a value but never read
Warning (10541): VHDL Signal Declaration warning at Neander.vhd(88): used implicit default value for signal "auxCargaAC" because signal was never assigned a value or an explicit default value. Use of implicit default value may introduce unintended design optimizations.
Warning (10492): VHDL Process Statement warning at Neander.vhd(147): signal "OUTPC" is read inside the Process Statement but isn't in the Process Statement's sensitivity list
Info (12128): Elaborating entity "Projeto" for hierarchy "Projeto:Decod"
Info (12128): Elaborating entity "binary_to_bcd" for hierarchy "Projeto:Decod|binary_to_bcd:G2"
Warning (10492): VHDL Process Statement warning at binary_to_bcd.vhd(29): signal "EN" is read inside the Process Statement but isn't in the Process Statement's sensitivity list
Warning (10631): VHDL Process Statement warning at binary_to_bcd.vhd(18): inferring latch(es) for signal or variable "BCD_UNI", which holds its previous value in one or more paths through the process
Warning (10631): VHDL Process Statement warning at binary_to_bcd.vhd(18): inferring latch(es) for signal or variable "BCD_TEN", which holds its previous value in one or more paths through the process
Warning (10631): VHDL Process Statement warning at binary_to_bcd.vhd(18): inferring latch(es) for signal or variable "BCD_HUN", which holds its previous value in one or more paths through the process
Warning (10631): VHDL Process Statement warning at binary_to_bcd.vhd(18): inferring latch(es) for signal or variable "BCD_THO", which holds its previous value in one or more paths through the process
Info (10041): Inferred latch for "BCD_THO[0]" at binary_to_bcd.vhd(18)
Info (10041): Inferred latch for "BCD_THO[1]" at binary_to_bcd.vhd(18)
Info (10041): Inferred latch for "BCD_THO[2]" at binary_to_bcd.vhd(18)
Info (10041): Inferred latch for "BCD_THO[3]" at binary_to_bcd.vhd(18)
Info (10041): Inferred latch for "BCD_HUN[0]" at binary_to_bcd.vhd(18)
Info (10041): Inferred latch for "BCD_HUN[1]" at binary_to_bcd.vhd(18)
Info (10041): Inferred latch for "BCD_HUN[2]" at binary_to_bcd.vhd(18)
Info (10041): Inferred latch for "BCD_HUN[3]" at binary_to_bcd.vhd(18)
Info (10041): Inferred latch for "BCD_TEN[0]" at binary_to_bcd.vhd(18)
Info (10041): Inferred latch for "BCD_TEN[1]" at binary_to_bcd.vhd(18)
Info (10041): Inferred latch for "BCD_TEN[2]" at binary_to_bcd.vhd(18)
Info (10041): Inferred latch for "BCD_TEN[3]" at binary_to_bcd.vhd(18)
Info (10041): Inferred latch for "BCD_UNI[0]" at binary_to_bcd.vhd(18)
Info (10041): Inferred latch for "BCD_UNI[1]" at binary_to_bcd.vhd(18)
Info (10041): Inferred latch for "BCD_UNI[2]" at binary_to_bcd.vhd(18)
Info (10041): Inferred latch for "BCD_UNI[3]" at binary_to_bcd.vhd(18)
Info (12128): Elaborating entity "decoder_BCD_7seg_vector" for hierarchy "Projeto:Decod|decoder_BCD_7seg_vector:G3"
Info (12128): Elaborating entity "Registrador" for hierarchy "Registrador:AC"
Warning (10631): VHDL Process Statement warning at Registrador.vhd(17): inferring latch(es) for signal or variable "Saida", which holds its previous value in one or more paths through the process
Info (12128): Elaborating entity "Registrador" for hierarchy "Registrador:PC"
Warning (10631): VHDL Process Statement warning at Registrador.vhd(17): inferring latch(es) for signal or variable "Saida", which holds its previous value in one or more paths through the process
Info (12128): Elaborating entity "Registrador" for hierarchy "Registrador:RDM"
Warning (10631): VHDL Process Statement warning at Registrador.vhd(17): inferring latch(es) for signal or variable "Saida", which holds its previous value in one or more paths through the process
Info (12128): Elaborating entity "ULA" for hierarchy "ULA:aULA"
Warning (10541): VHDL Signal Declaration warning at ULA.vhd(15): used implicit default value for signal "N" because signal was never assigned a value or an explicit default value. Use of implicit default value may introduce unintended design optimizations.
Warning (10541): VHDL Signal Declaration warning at ULA.vhd(15): used implicit default value for signal "Z" because signal was never assigned a value or an explicit default value. Use of implicit default value may introduce unintended design optimizations.
Info (12128): Elaborating entity "MEM" for hierarchy "MEM:aMEM"
Warning (14026): LATCH primitive "Projeto:Decod|binary_to_bcd:G2|BCD_HUN[1]" is permanently enabled
Warning (14026): LATCH primitive "Projeto:Decod|binary_to_bcd:G2|BCD_HUN[0]" is permanently enabled
Warning (14026): LATCH primitive "Projeto:Decod|binary_to_bcd:G2|BCD_THO[3]" is permanently enabled
Warning (14026): LATCH primitive "Projeto:Decod|binary_to_bcd:G2|BCD_THO[2]" is permanently enabled
Warning (14026): LATCH primitive "Projeto:Decod|binary_to_bcd:G2|BCD_THO[1]" is permanently enabled
Warning (14026): LATCH primitive "Projeto:Decod|binary_to_bcd:G2|BCD_THO[0]" is permanently enabled
Warning (14026): LATCH primitive "Projeto:Decod|binary_to_bcd:G2|BCD_HUN[3]" is permanently enabled
Warning (14026): LATCH primitive "Projeto:Decod|binary_to_bcd:G2|BCD_TEN[0]" is permanently enabled
Warning (14026): LATCH primitive "Projeto:Decod|binary_to_bcd:G2|BCD_TEN[1]" is permanently enabled
Warning (14026): LATCH primitive "Projeto:Decod|binary_to_bcd:G2|BCD_TEN[2]" is permanently enabled
Warning (14026): LATCH primitive "Projeto:Decod|binary_to_bcd:G2|BCD_TEN[3]" is permanently enabled
Warning (14026): LATCH primitive "Projeto:Decod|binary_to_bcd:G2|BCD_UNI[0]" is permanently enabled
Warning (14026): LATCH primitive "Projeto:Decod|binary_to_bcd:G2|BCD_UNI[1]" is permanently enabled
Warning (14026): LATCH primitive "Projeto:Decod|binary_to_bcd:G2|BCD_UNI[2]" is permanently enabled
Warning (14026): LATCH primitive "Projeto:Decod|binary_to_bcd:G2|BCD_UNI[3]" is permanently enabled
Warning (14026): LATCH primitive "Projeto:Decod|binary_to_bcd:G2|BCD_HUN[2]" is permanently enabled
Info (278001): Inferred 1 megafunctions from design logic
    Info (278003): Inferred multiplier megafunction ("lpm_mult") from the following logic: "ULA:aULA|Mult0"
Info (12130): Elaborated megafunction instantiation "ULA:aULA|lpm_mult:Mult0"
Info (12133): Instantiated megafunction "ULA:aULA|lpm_mult:Mult0" with the following parameter:
    Info (12134): Parameter "LPM_WIDTHA" = "8"
    Info (12134): Parameter "LPM_WIDTHB" = "8"
    Info (12134): Parameter "LPM_WIDTHP" = "16"
    Info (12134): Parameter "LPM_WIDTHR" = "16"
    Info (12134): Parameter "LPM_WIDTHS" = "1"
    Info (12134): Parameter "LPM_REPRESENTATION" = "UNSIGNED"
    Info (12134): Parameter "INPUT_A_IS_CONSTANT" = "NO"
    Info (12134): Parameter "INPUT_B_IS_CONSTANT" = "NO"
    Info (12134): Parameter "MAXIMIZE_SPEED" = "5"
Info (12021): Found 1 design units, including 1 entities, in source file db/mult_o5t.tdf
    Info (12023): Found entity 1: mult_o5t
Warning (13024): Output pins are stuck at VCC or GND
    Warning (13410): Pin "Display4[0]" is stuck at GND
    Warning (13410): Pin "Display4[1]" is stuck at GND
    Warning (13410): Pin "Display4[2]" is stuck at GND
    Warning (13410): Pin "Display4[3]" is stuck at GND
    Warning (13410): Pin "Display4[4]" is stuck at GND
    Warning (13410): Pin "Display4[5]" is stuck at GND
    Warning (13410): Pin "Display4[6]" is stuck at VCC
    Warning (13410): Pin "Display3[1]" is stuck at GND
Info (16010): Generating hard_block partition "hard_block:auto_generated_inst"
    Info (16011): Adding 0 node(s), including 0 DDIO, 0 PLL, 0 transceiver and 0 LCELL
Warning (21074): Design contains 13 input pin(s) that do not drive logic
    Warning (15610): No output dependent on input pin "CLKmaq"
    Warning (15610): No output dependent on input pin "CargaAC[0]"
    Warning (15610): No output dependent on input pin "CargaAC[1]"
    Warning (15610): No output dependent on input pin "CargaAC[2]"
    Warning (15610): No output dependent on input pin "CargaAC[3]"
    Warning (15610): No output dependent on input pin "CargaAC[4]"
    Warning (15610): No output dependent on input pin "CargaAC[5]"
    Warning (15610): No output dependent on input pin "CargaAC[6]"
    Warning (15610): No output dependent on input pin "CargaAC[7]"
    Warning (15610): No output dependent on input pin "CargaPC[0]"
    Warning (15610): No output dependent on input pin "CargaPC[1]"
    Warning (15610): No output dependent on input pin "CargaPC[2]"
    Warning (15610): No output dependent on input pin "CargaPC[3]"
Info (21057): Implemented 798 device resources after synthesis - the final resource count might be different
    Info (21058): Implemented 35 input pins
    Info (21059): Implemented 116 output pins
    Info (21061): Implemented 646 logic cells
    Info (21062): Implemented 1 DSP elements
Info: Quartus II 64-Bit Analysis & Synthesis was successful. 0 errors, 54 warnings
    Info: Peak virtual memory: 4649 megabytes
    Info: Processing ended: Fri Aug 23 16:33:16 2019
    Info: Elapsed time: 00:00:04
    Info: Total CPU time (on all processors): 00:00:04


